<?xml version="1.0" encoding="UTF-8" ?>
<testsuite failures="0" time="0.506" errors="0" skipped="0" tests="1" name="edu.vt.jgwes.test.JPAIllustrationTest">
  <properties>
    <property name="jboss.i18n.generate-proxies" value="true"/>
    <property name="java.runtime.name" value="Java(TM) SE Runtime Environment"/>
    <property name="sun.boot.library.path" value="C:\apps\local\Java\jdk1.6.0_23\jre\bin"/>
    <property name="java.vm.version" value="19.0-b09"/>
    <property name="java.vm.vendor" value="Sun Microsystems Inc."/>
    <property name="java.vendor.url" value="http://java.sun.com/"/>
    <property name="path.separator" value=";"/>
    <property name="java.vm.name" value="Java HotSpot(TM) 64-Bit Server VM"/>
    <property name="file.encoding.pkg" value="sun.io"/>
    <property name="user.country" value="US"/>
    <property name="sun.java.launcher" value="SUN_STANDARD"/>
    <property name="sun.os.patch.level" value="Service Pack 1"/>
    <property name="java.vm.specification.name" value="Java Virtual Machine Specification"/>
    <property name="user.dir" value="C:\apps\local\workspace\hibs"/>
    <property name="java.runtime.version" value="1.6.0_23-b05"/>
    <property name="java.awt.graphicsenv" value="sun.awt.Win32GraphicsEnvironment"/>
    <property name="basedir" value="C:\apps\local\workspace\hibs"/>
    <property name="java.endorsed.dirs" value="C:\apps\local\Java\jdk1.6.0_23\jre\lib\endorsed"/>
    <property name="os.arch" value="amd64"/>
    <property name="surefire.real.class.path" value="C:\apps\local\workspace\hibs\target\surefire\surefirebooter8558031682111674618.jar"/>
    <property name="java.io.tmpdir" value="C:\cygwin\tmp\"/>
    <property name="line.separator" value="
"/>
    <property name="java.vm.specification.vendor" value="Sun Microsystems Inc."/>
    <property name="user.variant" value=""/>
    <property name="os.name" value="Windows 7"/>
    <property name="sun.jnu.encoding" value="Cp1252"/>
    <property name="java.library.path" value="C:\apps\local\Java\jdk1.6.0_23\jre\bin;.;C:\Windows\Sun\Java\bin;C:\Windows\system32;C:\Windows;C:\cygwin\usr\local\bin;C:\cygwin\bin;C:\Program Files\Common Files\Microsoft Shared\Windows Live;C:\Program Files (x86)\Common Files\Microsoft Shared\Windows Live;C:\Windows\system32;C:\Windows;C:\Windows\System32\Wbem;C:\Windows\System32\WindowsPowerShell\v1.0;C:\Program Files\Dell\DW WLAN Card;C:\Program Files\WIDCOMM\Bluetooth Software;C:\Program Files\WIDCOMM\Bluetooth Software\syswow64;C:\Program Files (x86)\NTRU Cryptosystems\NTRU TCG Software Stack\bin;C:\Program Files\NTRU Cryptosystems\NTRU TCG Software Stack\bin;C:\Program Files\Wave Systems Corp\Gemalto\Access Client\v5;C:\Program Files (x86)\Windows Live\Shared;C:\apps\local\Java\jdk1.6.0_23\bin;C:\apps\local\maven\apache-maven-3.0.3\bin;C:\apps\local\tomcat\apache-tomcat-6.0.35\bin;C:\Program Files\SlikSvn\bin;C:\apps\local\maven\apache-maven-3.0.3\bin;C:\apps\local\ant\apache-ant-1.7.1\bin;C:\Program Files (x86)\MySQL\MySQL Server 5.5\bin;C:\Program Files\Aladdin\eToken\PKIClient\x32;C:\Program Files\Aladdin\eToken\PKIClient\x64;C:\Program Files (x86)\Groovy\Groovy-1.8.2\bin;C:\Program Files (x86)\Git\cmd"/>
    <property name="surefire.test.class.path" value="C:\apps\local\workspace\hibs\target\test-classes;C:\apps\local\workspace\hibs\target\classes;C:\Users\jgwes.HOKIES\.m2\repository\postgresql\postgresql\9.1-901.jdbc4\postgresql-9.1-901.jdbc4.jar;C:\Users\jgwes.HOKIES\.m2\repository\junit\junit\4.8.2\junit-4.8.2.jar;C:\Users\jgwes.HOKIES\.m2\repository\org\hibernate\hibernate-core\4.0.1.Final\hibernate-core-4.0.1.Final.jar;C:\Users\jgwes.HOKIES\.m2\repository\commons-collections\commons-collections\3.2.1\commons-collections-3.2.1.jar;C:\Users\jgwes.HOKIES\.m2\repository\antlr\antlr\2.7.7\antlr-2.7.7.jar;C:\Users\jgwes.HOKIES\.m2\repository\org\jboss\spec\javax\transaction\jboss-transaction-api_1.1_spec\1.0.0.Final\jboss-transaction-api_1.1_spec-1.0.0.Final.jar;C:\Users\jgwes.HOKIES\.m2\repository\dom4j\dom4j\1.6.1\dom4j-1.6.1.jar;C:\Users\jgwes.HOKIES\.m2\repository\xml-apis\xml-apis\1.0.b2\xml-apis-1.0.b2.jar;C:\Users\jgwes.HOKIES\.m2\repository\org\hibernate\javax\persistence\hibernate-jpa-2.0-api\1.0.1.Final\hibernate-jpa-2.0-api-1.0.1.Final.jar;C:\Users\jgwes.HOKIES\.m2\repository\org\jboss\logging\jboss-logging\3.1.0.CR2\jboss-logging-3.1.0.CR2.jar;C:\Users\jgwes.HOKIES\.m2\repository\org\javassist\javassist\3.15.0-GA\javassist-3.15.0-GA.jar;C:\Users\jgwes.HOKIES\.m2\repository\org\hibernate\common\hibernate-commons-annotations\4.0.1.Final\hibernate-commons-annotations-4.0.1.Final.jar;C:\Users\jgwes.HOKIES\.m2\repository\org\hibernate\hibernate-annotations\3.5.6-Final\hibernate-annotations-3.5.6-Final.jar;C:\Users\jgwes.HOKIES\.m2\repository\org\hibernate\hibernate-commons-annotations\3.2.0.Final\hibernate-commons-annotations-3.2.0.Final.jar;C:\Users\jgwes.HOKIES\.m2\repository\org\slf4j\slf4j-api\1.5.8\slf4j-api-1.5.8.jar;C:\Users\jgwes.HOKIES\.m2\repository\javax\persistence\persistence-api\1.0-rev-1\persistence-api-1.0-rev-1.jar;C:\Users\jgwes.HOKIES\.m2\repository\org\hibernate\hibernate-entitymanager\4.0.1.Final\hibernate-entitymanager-4.0.1.Final.jar;"/>
    <property name="java.specification.name" value="Java Platform API Specification"/>
    <property name="java.class.version" value="50.0"/>
    <property name="sun.management.compiler" value="HotSpot 64-Bit Server Compiler"/>
    <property name="os.version" value="6.1"/>
    <property name="user.home" value="C:\Users\jgwes.HOKIES"/>
    <property name="user.timezone" value="America/New_York"/>
    <property name="java.awt.printerjob" value="sun.awt.windows.WPrinterJob"/>
    <property name="java.specification.version" value="1.6"/>
    <property name="file.encoding" value="Cp1252"/>
    <property name="user.name" value="jgwes"/>
    <property name="java.class.path" value="C:\apps\local\workspace\hibs\target\test-classes;C:\apps\local\workspace\hibs\target\classes;C:\Users\jgwes.HOKIES\.m2\repository\postgresql\postgresql\9.1-901.jdbc4\postgresql-9.1-901.jdbc4.jar;C:\Users\jgwes.HOKIES\.m2\repository\junit\junit\4.8.2\junit-4.8.2.jar;C:\Users\jgwes.HOKIES\.m2\repository\org\hibernate\hibernate-core\4.0.1.Final\hibernate-core-4.0.1.Final.jar;C:\Users\jgwes.HOKIES\.m2\repository\commons-collections\commons-collections\3.2.1\commons-collections-3.2.1.jar;C:\Users\jgwes.HOKIES\.m2\repository\antlr\antlr\2.7.7\antlr-2.7.7.jar;C:\Users\jgwes.HOKIES\.m2\repository\org\jboss\spec\javax\transaction\jboss-transaction-api_1.1_spec\1.0.0.Final\jboss-transaction-api_1.1_spec-1.0.0.Final.jar;C:\Users\jgwes.HOKIES\.m2\repository\dom4j\dom4j\1.6.1\dom4j-1.6.1.jar;C:\Users\jgwes.HOKIES\.m2\repository\xml-apis\xml-apis\1.0.b2\xml-apis-1.0.b2.jar;C:\Users\jgwes.HOKIES\.m2\repository\org\hibernate\javax\persistence\hibernate-jpa-2.0-api\1.0.1.Final\hibernate-jpa-2.0-api-1.0.1.Final.jar;C:\Users\jgwes.HOKIES\.m2\repository\org\jboss\logging\jboss-logging\3.1.0.CR2\jboss-logging-3.1.0.CR2.jar;C:\Users\jgwes.HOKIES\.m2\repository\org\javassist\javassist\3.15.0-GA\javassist-3.15.0-GA.jar;C:\Users\jgwes.HOKIES\.m2\repository\org\hibernate\common\hibernate-commons-annotations\4.0.1.Final\hibernate-commons-annotations-4.0.1.Final.jar;C:\Users\jgwes.HOKIES\.m2\repository\org\hibernate\hibernate-annotations\3.5.6-Final\hibernate-annotations-3.5.6-Final.jar;C:\Users\jgwes.HOKIES\.m2\repository\org\hibernate\hibernate-commons-annotations\3.2.0.Final\hibernate-commons-annotations-3.2.0.Final.jar;C:\Users\jgwes.HOKIES\.m2\repository\org\slf4j\slf4j-api\1.5.8\slf4j-api-1.5.8.jar;C:\Users\jgwes.HOKIES\.m2\repository\javax\persistence\persistence-api\1.0-rev-1\persistence-api-1.0-rev-1.jar;C:\Users\jgwes.HOKIES\.m2\repository\org\hibernate\hibernate-entitymanager\4.0.1.Final\hibernate-entitymanager-4.0.1.Final.jar;"/>
    <property name="java.vm.specification.version" value="1.0"/>
    <property name="sun.arch.data.model" value="64"/>
    <property name="java.home" value="C:\apps\local\Java\jdk1.6.0_23\jre"/>
    <property name="java.specification.vendor" value="Sun Microsystems Inc."/>
    <property name="user.language" value="en"/>
    <property name="awt.toolkit" value="sun.awt.windows.WToolkit"/>
    <property name="java.vm.info" value="mixed mode"/>
    <property name="java.version" value="1.6.0_23"/>
    <property name="java.ext.dirs" value="C:\apps\local\Java\jdk1.6.0_23\jre\lib\ext;C:\Windows\Sun\Java\lib\ext"/>
    <property name="sun.boot.class.path" value="C:\apps\local\Java\jdk1.6.0_23\jre\lib\resources.jar;C:\apps\local\Java\jdk1.6.0_23\jre\lib\rt.jar;C:\apps\local\Java\jdk1.6.0_23\jre\lib\sunrsasign.jar;C:\apps\local\Java\jdk1.6.0_23\jre\lib\jsse.jar;C:\apps\local\Java\jdk1.6.0_23\jre\lib\jce.jar;C:\apps\local\Java\jdk1.6.0_23\jre\lib\charsets.jar;C:\apps\local\Java\jdk1.6.0_23\jre\lib\modules\jdk.boot.jar;C:\apps\local\Java\jdk1.6.0_23\jre\classes"/>
    <property name="java.vendor" value="Sun Microsystems Inc."/>
    <property name="localRepository" value="C:\Users\jgwes.HOKIES\.m2\repository"/>
    <property name="file.separator" value="\"/>
    <property name="java.vendor.url.bug" value="http://java.sun.com/cgi-bin/bugreport.cgi"/>
    <property name="sun.cpu.endian" value="little"/>
    <property name="sun.io.unicode.encoding" value="UnicodeLittle"/>
    <property name="sun.desktop" value="windows"/>
    <property name="sun.cpu.isalist" value="amd64"/>
  </properties>
  <testcase time="0.503" classname="edu.vt.jgwes.test.JPAIllustrationTest" name="testBasicUsage"/>
</testsuite>