<?xml version="1.0" encoding="UTF-8" ?>
<testsuite failures="0" time="0.524" errors="1" skipped="0" tests="1" name="edu.vt.jgwes.test.NativeApiIllustrationTest">
  <properties>
    <property name="java.runtime.name" value="Java(TM) SE Runtime Environment"/>
    <property name="sun.boot.library.path" value="/home/jw/jdk1.7.0_02/jre/lib/i386"/>
    <property name="java.vm.version" value="22.0-b10"/>
    <property name="java.vm.vendor" value="Oracle Corporation"/>
    <property name="java.vendor.url" value="http://java.oracle.com/"/>
    <property name="path.separator" value=":"/>
    <property name="java.vm.name" value="Java HotSpot(TM) Server VM"/>
    <property name="file.encoding.pkg" value="sun.io"/>
    <property name="user.country" value="US"/>
    <property name="sun.java.launcher" value="SUN_STANDARD"/>
    <property name="sun.os.patch.level" value="unknown"/>
    <property name="java.vm.specification.name" value="Java Virtual Machine Specification"/>
    <property name="user.dir" value="/home/jw/workspace/hibs"/>
    <property name="java.runtime.version" value="1.7.0_02-b13"/>
    <property name="java.awt.graphicsenv" value="sun.awt.X11GraphicsEnvironment"/>
    <property name="basedir" value="/home/jw/workspace/hibs"/>
    <property name="java.endorsed.dirs" value="/home/jw/jdk1.7.0_02/jre/lib/endorsed"/>
    <property name="os.arch" value="i386"/>
    <property name="surefire.real.class.path" value="/tmp/surefirebooter7336123517175113323.jar"/>
    <property name="java.io.tmpdir" value="/tmp"/>
    <property name="line.separator" value="
"/>
    <property name="java.vm.specification.vendor" value="Oracle Corporation"/>
    <property name="os.name" value="Linux"/>
    <property name="sun.jnu.encoding" value="UTF-8"/>
    <property name="java.library.path" value="/usr/java/packages/lib/i386:/lib:/usr/lib"/>
    <property name="surefire.test.class.path" value="/home/jw/workspace/hibs/target/test-classes:/home/jw/workspace/hibs/target/classes:/home/jw/.m2/repository/mysql/mysql-connector-java/5.1.13/mysql-connector-java-5.1.13.jar:/home/jw/.m2/repository/junit/junit/4.8.2/junit-4.8.2.jar:/home/jw/.m2/repository/org/hibernate/hibernate-core/4.0.1.Final/hibernate-core-4.0.1.Final.jar:/home/jw/.m2/repository/commons-collections/commons-collections/3.2.1/commons-collections-3.2.1.jar:/home/jw/.m2/repository/antlr/antlr/2.7.7/antlr-2.7.7.jar:/home/jw/.m2/repository/org/jboss/spec/javax/transaction/jboss-transaction-api_1.1_spec/1.0.0.Final/jboss-transaction-api_1.1_spec-1.0.0.Final.jar:/home/jw/.m2/repository/dom4j/dom4j/1.6.1/dom4j-1.6.1.jar:/home/jw/.m2/repository/xml-apis/xml-apis/1.0.b2/xml-apis-1.0.b2.jar:/home/jw/.m2/repository/org/hibernate/javax/persistence/hibernate-jpa-2.0-api/1.0.1.Final/hibernate-jpa-2.0-api-1.0.1.Final.jar:/home/jw/.m2/repository/org/jboss/logging/jboss-logging/3.1.0.CR2/jboss-logging-3.1.0.CR2.jar:/home/jw/.m2/repository/org/javassist/javassist/3.15.0-GA/javassist-3.15.0-GA.jar:/home/jw/.m2/repository/org/hibernate/common/hibernate-commons-annotations/4.0.1.Final/hibernate-commons-annotations-4.0.1.Final.jar:"/>
    <property name="java.specification.name" value="Java Platform API Specification"/>
    <property name="java.class.version" value="51.0"/>
    <property name="sun.management.compiler" value="HotSpot Tiered Compilers"/>
    <property name="os.version" value="2.6.39-02063904-generic"/>
    <property name="user.home" value="/home/jw"/>
    <property name="user.timezone" value="America/New_York"/>
    <property name="java.awt.printerjob" value="sun.print.PSPrinterJob"/>
    <property name="file.encoding" value="UTF-8"/>
    <property name="java.specification.version" value="1.7"/>
    <property name="user.name" value="jw"/>
    <property name="java.class.path" value="/home/jw/workspace/hibs/target/test-classes:/home/jw/workspace/hibs/target/classes:/home/jw/.m2/repository/mysql/mysql-connector-java/5.1.13/mysql-connector-java-5.1.13.jar:/home/jw/.m2/repository/junit/junit/4.8.2/junit-4.8.2.jar:/home/jw/.m2/repository/org/hibernate/hibernate-core/4.0.1.Final/hibernate-core-4.0.1.Final.jar:/home/jw/.m2/repository/commons-collections/commons-collections/3.2.1/commons-collections-3.2.1.jar:/home/jw/.m2/repository/antlr/antlr/2.7.7/antlr-2.7.7.jar:/home/jw/.m2/repository/org/jboss/spec/javax/transaction/jboss-transaction-api_1.1_spec/1.0.0.Final/jboss-transaction-api_1.1_spec-1.0.0.Final.jar:/home/jw/.m2/repository/dom4j/dom4j/1.6.1/dom4j-1.6.1.jar:/home/jw/.m2/repository/xml-apis/xml-apis/1.0.b2/xml-apis-1.0.b2.jar:/home/jw/.m2/repository/org/hibernate/javax/persistence/hibernate-jpa-2.0-api/1.0.1.Final/hibernate-jpa-2.0-api-1.0.1.Final.jar:/home/jw/.m2/repository/org/jboss/logging/jboss-logging/3.1.0.CR2/jboss-logging-3.1.0.CR2.jar:/home/jw/.m2/repository/org/javassist/javassist/3.15.0-GA/javassist-3.15.0-GA.jar:/home/jw/.m2/repository/org/hibernate/common/hibernate-commons-annotations/4.0.1.Final/hibernate-commons-annotations-4.0.1.Final.jar:"/>
    <property name="java.vm.specification.version" value="1.7"/>
    <property name="sun.arch.data.model" value="32"/>
    <property name="java.home" value="/home/jw/jdk1.7.0_02/jre"/>
    <property name="sun.java.command" value="/tmp/surefirebooter7336123517175113323.jar /tmp/surefire8170064697456486099tmp /tmp/surefire6965549672082624113tmp"/>
    <property name="java.specification.vendor" value="Oracle Corporation"/>
    <property name="user.language" value="en"/>
    <property name="awt.toolkit" value="sun.awt.X11.XToolkit"/>
    <property name="java.vm.info" value="mixed mode"/>
    <property name="java.version" value="1.7.0_02"/>
    <property name="java.ext.dirs" value="/home/jw/jdk1.7.0_02/jre/lib/ext:/usr/java/packages/lib/ext"/>
    <property name="sun.boot.class.path" value="/home/jw/jdk1.7.0_02/jre/lib/resources.jar:/home/jw/jdk1.7.0_02/jre/lib/rt.jar:/home/jw/jdk1.7.0_02/jre/lib/sunrsasign.jar:/home/jw/jdk1.7.0_02/jre/lib/jsse.jar:/home/jw/jdk1.7.0_02/jre/lib/jce.jar:/home/jw/jdk1.7.0_02/jre/lib/charsets.jar:/home/jw/jdk1.7.0_02/jre/classes"/>
    <property name="java.vendor" value="Oracle Corporation"/>
    <property name="localRepository" value="/home/jw/.m2/repository"/>
    <property name="file.separator" value="/"/>
    <property name="java.vendor.url.bug" value="http://bugreport.sun.com/bugreport/"/>
    <property name="sun.cpu.endian" value="little"/>
    <property name="sun.io.unicode.encoding" value="UnicodeLittle"/>
    <property name="sun.desktop" value="gnome"/>
    <property name="sun.cpu.isalist" value=""/>
  </properties>
  <testcase time="0.504" classname="edu.vt.jgwes.test.NativeApiIllustrationTest" name="testBasicUsage">
    <error message="Could not parse mapping document from resource hbm/Event.hbm.xml" type="org.hibernate.InvalidMappingException">org.hibernate.InvalidMappingException: Could not parse mapping document from resource hbm/Event.hbm.xml
	at org.hibernate.cfg.Configuration$MetadataSourceQueue.processHbmXml(Configuration.java:3380)
	at org.hibernate.cfg.Configuration$MetadataSourceQueue.processHbmXmlQueue(Configuration.java:3369)
	at org.hibernate.cfg.Configuration$MetadataSourceQueue.processMetadata(Configuration.java:3357)
	at org.hibernate.cfg.Configuration.secondPassCompile(Configuration.java:1334)
	at org.hibernate.cfg.Configuration.buildSessionFactory(Configuration.java:1724)
	at org.hibernate.cfg.Configuration.buildSessionFactory(Configuration.java:1775)
	at edu.vt.jgwes.test.NativeApiIllustrationTest.setUp(NativeApiIllustrationTest.java:23)
	at junit.framework.TestCase.runBare(TestCase.java:132)
	at junit.framework.TestResult$1.protect(TestResult.java:110)
	at junit.framework.TestResult.runProtected(TestResult.java:128)
	at junit.framework.TestResult.run(TestResult.java:113)
	at junit.framework.TestCase.run(TestCase.java:124)
	at junit.framework.TestSuite.runTest(TestSuite.java:243)
	at junit.framework.TestSuite.run(TestSuite.java:238)
	at org.junit.internal.runners.JUnit38ClassRunner.run(JUnit38ClassRunner.java:83)
	at org.apache.maven.surefire.junit4.JUnit4TestSet.execute(JUnit4TestSet.java:62)
	at org.apache.maven.surefire.suite.AbstractDirectoryTestSuite.executeTestSet(AbstractDirectoryTestSuite.java:140)
	at org.apache.maven.surefire.suite.AbstractDirectoryTestSuite.execute(AbstractDirectoryTestSuite.java:127)
	at org.apache.maven.surefire.Surefire.run(Surefire.java:177)
	at sun.reflect.NativeMethodAccessorImpl.invoke0(Native Method)
	at sun.reflect.NativeMethodAccessorImpl.invoke(NativeMethodAccessorImpl.java:57)
	at sun.reflect.DelegatingMethodAccessorImpl.invoke(DelegatingMethodAccessorImpl.java:43)
	at java.lang.reflect.Method.invoke(Method.java:601)
	at org.apache.maven.surefire.booter.SurefireBooter.runSuitesInProcess(SurefireBooter.java:345)
	at org.apache.maven.surefire.booter.SurefireBooter.main(SurefireBooter.java:1009)
Caused by: org.hibernate.MappingException: class org.hibernate.tutorial.hbm.Event not found while looking for property: id
	at org.hibernate.internal.util.ReflectHelper.reflectedPropertyClass(ReflectHelper.java:232)
	at org.hibernate.mapping.SimpleValue.setTypeUsingReflection(SimpleValue.java:314)
	at org.hibernate.cfg.HbmBinder.bindSimpleId(HbmBinder.java:447)
	at org.hibernate.cfg.HbmBinder.bindRootPersistentClassCommonValues(HbmBinder.java:380)
	at org.hibernate.cfg.HbmBinder.bindRootClass(HbmBinder.java:320)
	at org.hibernate.cfg.HbmBinder.bindRoot(HbmBinder.java:171)
	at org.hibernate.cfg.Configuration$MetadataSourceQueue.processHbmXml(Configuration.java:3377)
	... 24 more
Caused by: java.lang.ClassNotFoundException: org.hibernate.tutorial.hbm.Event
	at java.net.URLClassLoader$1.run(URLClassLoader.java:366)
	at java.net.URLClassLoader$1.run(URLClassLoader.java:355)
	at java.security.AccessController.doPrivileged(Native Method)
	at java.net.URLClassLoader.findClass(URLClassLoader.java:354)
	at java.lang.ClassLoader.loadClass(ClassLoader.java:423)
	at sun.misc.Launcher$AppClassLoader.loadClass(Launcher.java:308)
	at java.lang.ClassLoader.loadClass(ClassLoader.java:356)
	at java.lang.Class.forName0(Native Method)
	at java.lang.Class.forName(Class.java:186)
	at org.hibernate.internal.util.ReflectHelper.classForName(ReflectHelper.java:192)
	at org.hibernate.internal.util.ReflectHelper.reflectedPropertyClass(ReflectHelper.java:228)
	... 30 more
</error>
    <system-err>Jan 23, 2012 10:23:48 PM org.hibernate.annotations.common.Version &lt;clinit&gt;
INFO: HCANN000001: Hibernate Commons Annotations {4.0.1.Final}
Jan 23, 2012 10:23:48 PM org.hibernate.Version logVersion
INFO: HHH000412: Hibernate Core {4.0.1.Final}
Jan 23, 2012 10:23:48 PM org.hibernate.cfg.Environment &lt;clinit&gt;
INFO: HHH000206: hibernate.properties not found
Jan 23, 2012 10:23:48 PM org.hibernate.cfg.Environment buildBytecodeProvider
INFO: HHH000021: Bytecode provider name : javassist
Jan 23, 2012 10:23:48 PM org.hibernate.cfg.Configuration configure
INFO: HHH000043: Configuring from resource: /hibernate.cfg.xml
Jan 23, 2012 10:23:48 PM org.hibernate.cfg.Configuration getConfigurationInputStream
INFO: HHH000040: Configuration resource: /hibernate.cfg.xml
Jan 23, 2012 10:23:49 PM org.hibernate.cfg.Configuration addResource
INFO: HHH000221: Reading mappings from resource: hbm/Event.hbm.xml
Jan 23, 2012 10:23:49 PM org.hibernate.cfg.Configuration doConfigure
INFO: HHH000041: Configured SessionFactory: null
</system-err>
  </testcase>
</testsuite>